2022-08-31,22:17:56.215 INFO     Connected to server
2022-08-31,22:17:56.564 INFO     Remote is up
2022-08-31,22:17:56.564 INFO     boot_time: 102
2022-08-31,22:17:56.565 INFO     Connected to server
2022-08-31,22:18:07.338 INFO     Configuring voltage: /root/triumf/symphony/target/bash_scripts/voltset ALL 980
2022-08-31,22:18:07.339 INFO     voltage_config_time 980: 11
2022-08-31,22:18:07.340 INFO     Connected to server
2022-08-31,22:18:47.791 INFO     Configuring voltage: /root/triumf/symphony/target/bash_scripts/voltset ALL 960
2022-08-31,22:18:47.791 INFO     voltage_config_time 960: 41
2022-08-31,22:18:47.793 INFO     Connected to server
2022-08-31,22:20:08.245 INFO     Configuring voltage: /root/triumf/symphony/target/bash_scripts/voltset ALL 940
2022-08-31,22:20:08.246 INFO     voltage_config_time 940: 81
2022-08-31,22:20:08.247 INFO     Connected to server
2022-08-31,22:21:48.752 INFO     Configuring voltage: /root/triumf/symphony/target/bash_scripts/voltset ALL 930
2022-08-31,22:21:48.752 INFO     voltage_config_time 930: 101
2022-08-31,22:21:48.753 INFO     Connected to server
2022-08-31,22:21:51.756 INFO     benchmark_cold_time MG 930: 4
2022-08-31,22:21:51.758 INFO     Connected to server
2022-08-31,22:21:54.101 INFO     benchmark_cold_time 930 MG:3
2022-08-31,22:21:54.103 INFO     Connected to server
2022-08-31,22:21:56.723 INFO     benchmark_cold_time 930 CG:3
2022-08-31,22:21:56.725 INFO     Connected to server
2022-08-31,22:21:59.319 INFO     benchmark_cold_time 930 FT:3
2022-08-31,22:21:59.320 INFO     Connected to server
2022-08-31,22:22:00.461 INFO     benchmark_cold_time 930 IS:2
2022-08-31,22:22:00.462 INFO     Connected to server
2022-08-31,22:22:27.931 INFO     benchmark_cold_time 930 LU:28
2022-08-31,22:22:27.932 INFO     Connected to server
2022-08-31,22:22:33.827 INFO     benchmark_cold_time 930 EP:6
2022-08-31,22:22:33.828 INFO     Connected to server